# JRE version: Java(TM) SE Runtime Environment (8.0_191-b12) (build 1.8.0_191-b12)
# Java VM: Java HotSpot(TM) 64-Bit Server VM (25.191-b12 mixed mode linux-amd64 compressed oops)
Heap:
 PSYoungGen      total 777216K, used 643K [0x0000000742b80000, 0x0000000772a80000, 0x00000007c0000000)
  eden space 769536K, 0% used [0x0000000742b80000,0x0000000742b80000,0x0000000771b00000)
  from space 7680K, 8% used [0x0000000771b00000,0x0000000771ba0c48,0x0000000772280000)
  to   space 7168K, 0% used [0x0000000772280000,0x0000000772280000,0x0000000772980000)
 ParOldGen       total 257024K, used 4219K [0x0000000648200000, 0x0000000657d00000, 0x0000000742b80000)
  object space 257024K, 1% used [0x0000000648200000,0x000000064861ee30,0x0000000657d00000)
 Metaspace       used 12210K, capacity 12480K, committed 12800K, reserved 1060864K
  class space    used 1345K, capacity 1422K, committed 1536K, reserved 1048576K
GC Heap History (10 events):
Event: 0,947 GC heap after
Heap after GC invocations=4 (full 0):
 PSYoungGen      total 208384K, used 4636K [0x0000000742b80000, 0x0000000750680000, 0x00000007c0000000)
  eden space 192512K, 0% used [0x0000000742b80000,0x0000000742b80000,0x000000074e780000)
  from space 15872K, 29% used [0x000000074f700000,0x000000074fb87268,0x0000000750680000)
  to   space 15872K, 0% used [0x000000074e780000,0x000000074e780000,0x000000074f700000)
 ParOldGen       total 257024K, used 48K [0x0000000648200000, 0x0000000657d00000, 0x0000000742b80000)
  object space 257024K, 0% used [0x0000000648200000,0x000000064820c000,0x0000000657d00000)
 Metaspace       used 12209K, capacity 12480K, committed 12800K, reserved 1060864K
  class space    used 1345K, capacity 1422K, committed 1536K, reserved 1048576K
}
Event: 0,988 GC heap before
{Heap before GC invocations=5 (full 0):
 PSYoungGen      total 208384K, used 196900K [0x0000000742b80000, 0x0000000750680000, 0x00000007c0000000)
  eden space 192512K, 99% used [0x0000000742b80000,0x000000074e742098,0x000000074e780000)
  from space 15872K, 29% used [0x000000074f700000,0x000000074fb87268,0x0000000750680000)
  to   space 15872K, 0% used [0x000000074e780000,0x000000074e780000,0x000000074f700000)
 ParOldGen       total 257024K, used 48K [0x0000000648200000, 0x0000000657d00000, 0x0000000742b80000)
  object space 257024K, 0% used [0x0000000648200000,0x000000064820c000,0x0000000657d00000)
 Metaspace       used 12209K, capacity 12480K, committed 12800K, reserved 1060864K
  class space    used 1345K, capacity 1422K, committed 1536K, reserved 1048576K
Event: 0,990 GC heap after
Heap after GC invocations=5 (full 0):
 PSYoungGen      total 208384K, used 5025K [0x0000000742b80000, 0x000000075b180000, 0x00000007c0000000)
  eden space 192512K, 0% used [0x0000000742b80000,0x0000000742b80000,0x000000074e780000)
  from space 15872K, 31% used [0x000000074e780000,0x000000074ec68550,0x000000074f700000)
  to   space 7168K, 0% used [0x000000075aa80000,0x000000075aa80000,0x000000075b180000)
 ParOldGen       total 257024K, used 48K [0x0000000648200000, 0x0000000657d00000, 0x0000000742b80000)
  object space 257024K, 0% used [0x0000000648200000,0x000000064820c000,0x0000000657d00000)
 Metaspace       used 12209K, capacity 12480K, committed 12800K, reserved 1060864K
  class space    used 1345K, capacity 1422K, committed 1536K, reserved 1048576K
}
Event: 1,016 GC heap before
{Heap before GC invocations=6 (full 0):
 PSYoungGen      total 208384K, used 197401K [0x0000000742b80000, 0x000000075b180000, 0x00000007c0000000)
  eden space 192512K, 99% used [0x0000000742b80000,0x000000074e75e150,0x000000074e780000)
  from space 15872K, 31% used [0x000000074e780000,0x000000074ec68550,0x000000074f700000)
  to   space 7168K, 0% used [0x000000075aa80000,0x000000075aa80000,0x000000075b180000)
 ParOldGen       total 257024K, used 48K [0x0000000648200000, 0x0000000657d00000, 0x0000000742b80000)
  object space 257024K, 0% used [0x0000000648200000,0x000000064820c000,0x0000000657d00000)
 Metaspace       used 12209K, capacity 12480K, committed 12800K, reserved 1060864K
  class space    used 1345K, capacity 1422K, committed 1536K, reserved 1048576K
Event: 1,018 GC heap after
Heap after GC invocations=6 (full 0):
 PSYoungGen      total 391168K, used 4511K [0x0000000742b80000, 0x000000075b080000, 0x00000007c0000000)
  eden space 385024K, 0% used [0x0000000742b80000,0x0000000742b80000,0x000000075a380000)
  from space 6144K, 73% used [0x000000075aa80000,0x000000075aee7d98,0x000000075b080000)
  to   space 6656K, 0% used [0x000000075a380000,0x000000075a380000,0x000000075aa00000)
 ParOldGen       total 257024K, used 56K [0x0000000648200000, 0x0000000657d00000, 0x0000000742b80000)
  object space 257024K, 0% used [0x0000000648200000,0x000000064820e000,0x0000000657d00000)
 Metaspace       used 12209K, capacity 12480K, committed 12800K, reserved 1060864K
  class space    used 1345K, capacity 1422K, committed 1536K, reserved 1048576K
}
Event: 1,099 GC heap before
{Heap before GC invocations=7 (full 0):
 PSYoungGen      total 391168K, used 389386K [0x0000000742b80000, 0x000000075b080000, 0x00000007c0000000)
  eden space 385024K, 99% used [0x0000000742b80000,0x000000075a35ac30,0x000000075a380000)
  from space 6144K, 73% used [0x000000075aa80000,0x000000075aee7d98,0x000000075b080000)
  to   space 6656K, 0% used [0x000000075a380000,0x000000075a380000,0x000000075aa00000)
 ParOldGen       total 257024K, used 56K [0x0000000648200000, 0x0000000657d00000, 0x0000000742b80000)
  object space 257024K, 0% used [0x0000000648200000,0x000000064820e000,0x0000000657d00000)
 Metaspace       used 12210K, capacity 12480K, committed 12800K, reserved 1060864K
  class space    used 1345K, capacity 1422K, committed 1536K, reserved 1048576K
Event: 1,102 GC heap after
Heap after GC invocations=7 (full 0):
 PSYoungGen      total 391680K, used 1312K [0x0000000742b80000, 0x0000000772980000, 0x00000007c0000000)
  eden space 385024K, 0% used [0x0000000742b80000,0x0000000742b80000,0x000000075a380000)
  from space 6656K, 19% used [0x000000075a380000,0x000000075a4c8388,0x000000075aa00000)
  to   space 7168K, 0% used [0x0000000772280000,0x0000000772280000,0x0000000772980000)
 ParOldGen       total 257024K, used 4187K [0x0000000648200000, 0x0000000657d00000, 0x0000000742b80000)
  object space 257024K, 1% used [0x0000000648200000,0x0000000648616e30,0x0000000657d00000)
 Metaspace       used 12210K, capacity 12480K, committed 12800K, reserved 1060864K
  class space    used 1345K, capacity 1422K, committed 1536K, reserved 1048576K
}
Event: 1,154 GC heap before
{Heap before GC invocations=8 (full 0):
 PSYoungGen      total 391680K, used 385954K [0x0000000742b80000, 0x0000000772980000, 0x00000007c0000000)
  eden space 385024K, 99% used [0x0000000742b80000,0x000000075a320490,0x000000075a380000)
  from space 6656K, 19% used [0x000000075a380000,0x000000075a4c8388,0x000000075aa00000)
  to   space 7168K, 0% used [0x0000000772280000,0x0000000772280000,0x0000000772980000)
 ParOldGen       total 257024K, used 4187K [0x0000000648200000, 0x0000000657d00000, 0x0000000742b80000)
  object space 257024K, 1% used [0x0000000648200000,0x0000000648616e30,0x0000000657d00000)
 Metaspace       used 12210K, capacity 12480K, committed 12800K, reserved 1060864K
  class space    used 1345K, capacity 1422K, committed 1536K, reserved 1048576K
Event: 1,154 GC heap after
Heap after GC invocations=8 (full 0):
 PSYoungGen      total 776704K, used 1362K [0x0000000742b80000, 0x0000000772a80000, 0x00000007c0000000)
  eden space 769536K, 0% used [0x0000000742b80000,0x0000000742b80000,0x0000000771b00000)
  from space 7168K, 19% used [0x0000000772280000,0x00000007723d4b58,0x0000000772980000)
  to   space 7680K, 0% used [0x0000000771b00000,0x0000000771b00000,0x0000000772280000)
 ParOldGen       total 257024K, used 4219K [0x0000000648200000, 0x0000000657d00000, 0x0000000742b80000)
  object space 257024K, 1% used [0x0000000648200000,0x000000064861ee30,0x0000000657d00000)
 Metaspace       used 12210K, capacity 12480K, committed 12800K, reserved 1060864K
  class space    used 1345K, capacity 1422K, committed 1536K, reserved 1048576K
}
Event: 1,440 GC heap before
{Heap before GC invocations=9 (full 0):
 PSYoungGen      total 776704K, used 770827K [0x0000000742b80000, 0x0000000772a80000, 0x00000007c0000000)
  eden space 769536K, 99% used [0x0000000742b80000,0x0000000771aee2b8,0x0000000771b00000)
  from space 7168K, 19% used [0x0000000772280000,0x00000007723d4b58,0x0000000772980000)
  to   space 7680K, 0% used [0x0000000771b00000,0x0000000771b00000,0x0000000772280000)
 ParOldGen       total 257024K, used 4219K [0x0000000648200000, 0x0000000657d00000, 0x0000000742b80000)
  object space 257024K, 1% used [0x0000000648200000,0x000000064861ee30,0x0000000657d00000)
 Metaspace       used 12210K, capacity 12480K, committed 12800K, reserved 1060864K
  class space    used 1345K, capacity 1422K, committed 1536K, reserved 1048576K

